生成启动时间为 2019/7/16 16:59:22。
     1>项目“D:\CPP\demo0716\demo0716\demo0716.vcxproj”在节点 2 上(Build 个目标)。
     1>ClCompile:
         D:\VS2013\VC\bin\CL.exe /c /ZI /nologo /W3 /WX- /Od /Oy- /D WIN32 /D _DEBUG /D _CONSOLE /D _LIB /D _UNICODE /D UNICODE /Gm /EHsc /RTC1 /MDd /GS /fp:precise /Zc:wchar_t /Zc:forScope /Fo"Debug\\" /Fd"Debug\vc120.pdb" /Gd /TP /analyze- /errorReport:prompt test7.cpp
         test7.cpp
     1>d:\cpp\demo0716\demo0716\test7.cpp(34): warning C4018: “<”: 有符号/无符号不匹配
     1>d:\cpp\demo0716\demo0716\test7.cpp(44): warning C4018: “<”: 有符号/无符号不匹配
       Link:
         D:\VS2013\VC\bin\link.exe /ERRORREPORT:PROMPT /OUT:"D:\CPP\demo0716\Debug\demo0716.exe" /INCREMENTAL /NOLOGO kernel32.lib user32.lib gdi32.lib winspool.lib comdlg32.lib advapi32.lib shell32.lib ole32.lib oleaut32.lib uuid.lib odbc32.lib odbccp32.lib /MANIFEST /MANIFESTUAC:"level='asInvoker' uiAccess='false'" /manifest:embed /DEBUG /PDB:"D:\CPP\demo0716\Debug\demo0716.pdb" /SUBSYSTEM:CONSOLE /TLBID:1 /DYNAMICBASE /NXCOMPAT /IMPLIB:"D:\CPP\demo0716\Debug\demo0716.lib" /MACHINE:X86 Debug\test.obj
         Debug\test1.obj
         Debug\test2.obj
         Debug\test3.obj
         Debug\test4.obj
         Debug\test5.obj
         Debug\test6.obj
         Debug\test7.obj
         demo0716.vcxproj -> D:\CPP\demo0716\Debug\demo0716.exe
     1>已完成生成项目“D:\CPP\demo0716\demo0716\demo0716.vcxproj”(Build 个目标)的操作。

生成成功。

已用时间 00:00:00.76
